2561608200,-1,138,Ranked All Pick,Ranked,42,90,63,1,44,62,85,6,58,14
2561608199,-1,155,Ranked All Pick,Ranked,95,34,73,10,22,104,18,101,111,35
2561608198,1,224,All Pick,Public matchmaking,93,84,4,75,32,39,18,74,94,2
2561608196,1,151,Single Draft,Public matchmaking,103,81,27,22,31,113,41,16,98,69
2561608195,-1,187,Ranked All Pick,Ranked,98,28,34,52,4,35,56,90,17,32
2561608194,-1,191,Ranked All Pick,Ranked,2,14,6,104,86,84,93,70,27,63
2561608193,1,224,All Pick,Public matchmaking,67,36,19,35,41,57,94,22,103,88
2561608192,-1,188,All Pick,Public matchmaking,90,73,19,6,105,44,74,98,8,68
2561608191,1,131,All Pick,Public matchmaking,47,60,9,70,93,32,53,35,44,22
2561608190,1,136,Single Draft,Public matchmaking,110,30,98,41,21,3,46,42,49,36
2561608188,1,155,All Pick,Public matchmaking,60,30,35,16,73,21,8,99,39,44
2561608187,-1,132,Single Draft,Public matchmaking,104,106,8,32,19,93,76,29,102,35
2561608186,1,181,Ranked All Pick,Ranked,53,6,84,16,48,101,14,1,18,74
2561608185,-1,151,All Pick,Public matchmaking,4,47,46,74,44,98,25,95,12,6
2561608184,-1,152,Captains Mode,Ranked,70,65,98,20,107,6,9,87,29,34
2561608200,-1,138,Ranked All Pick,Ranked,42,90,63,1,44,62,85,6,58,14
2561608199,-1,155,Ranked All Pick,Ranked,95,34,73,10,22,104,18,101,111,35
2561608198,1,224,All Pick,Public matchmaking,93,84,4,75,32,39,18,74,94,2
2561608196,1,151,Single Draft,Public matchmaking,103,81,27,22,31,113,41,16,98,69
2561608195,-1,187,Ranked All Pick,Ranked,98,28,34,52,4,35,56,90,17,32
2561608194,-1,191,Ranked All Pick,Ranked,2,14,6,104,86,84,93,70,27,63
2561608193,1,224,All Pick,Public matchmaking,67,36,19,35,41,57,94,22,103,88
2561608192,-1,188,All Pick,Public matchmaking,90,73,19,6,105,44,74,98,8,68
2561608191,1,131,All Pick,Public matchmaking,47,60,9,70,93,32,53,35,44,22
2561608190,1,136,Single Draft,Public matchmaking,110,30,98,41,21,3,46,42,49,36
2561608188,1,155,All Pick,Public matchmaking,60,30,35,16,73,21,8,99,39,44
2561608187,-1,132,Single Draft,Public matchmaking,104,106,8,32,19,93,76,29,102,35
2561608186,1,181,Ranked All Pick,Ranked,53,6,84,16,48,101,14,1,18,74
2561608185,-1,151,All Pick,Public matchmaking,4,47,46,74,44,98,25,95,12,6
2561608184,-1,152,Captains Mode,Ranked,70,65,98,20,107,6,9,87,29,34
2561608172,1,261,All Pick,Public matchmaking,16,59,95,8,40,63,44,2,56,27
2561608171,1,184,All Random,Public matchmaking,22,49,60,19,48,20,96,30,59,104
2561608169,1,223,Single Draft,Public matchmaking,22,71,60,7,1,93,83,110,106,67
2561608167,-1,155,All Pick,Public matchmaking,25,106,51,45,28,110,36,6,41,9
2561608165,-1,153,Ranked All Pick,Ranked,106,93,59,44,23,11,42,35,9,7
2561608164,1,231,Ranked All Pick,Ranked,90,54,88,2,76,26,9,19,21,6
2561608163,-1,155,All Pick,Public matchmaking,40,44,18,47,6,42,5,48,93,17
2561608162,-1,156,Ranked All Pick,Ranked,32,47,93,5,13,14,21,103,10,18
2561608161,-1,227,Ranked All Pick,Ranked,23,41,9,88,3,106,84,8,30,71
2561608158,-1,184,Single Draft,Public matchmaking,72,63,81,88,17,48,10,70,8,26
2561608157,1,232,Random Draft,Ranked,20,74,23,41,6,2,32,87,54,17
2561608156,1,132,Single Draft,Public matchmaking,22,71,104,41,20,4,73,44,52,107
2561608155,-1,156,Single Draft,Public matchmaking,35,88,45,110,44,32,100,69,56,6
2561608154,-1,153,All Pick,Public matchmaking,9,32,17,22,42,103,5,47,98,19
2561608153,-1,153,Ranked All Pick,Ranked,9,33,98,97,63,75,27,8,104,73
2561608152,-1,224,Random Draft,Ranked,75,16,71,63,10,36,103,44,98,87
2561608151,-1,232,Random Draft,Ranked,35,62,42,74,18,101,20,9,12,93
2561608149,1,138,All Pick,Public matchmaking,42,48,9,35,36,104,20,6,14,46
2561608148,-1,192,Single Draft,Public matchmaking,82,113,110,98,4,40,29,67,96,8
2561608128,-1,184,Random Draft,Public matchmaking,51,109,26,46,83,98,104,73,112,58
2561608127,-1,155,Ranked All Pick,Ranked,17,61,104,93,79,74,8,23,87,9
2561608126,-1,223,Random Draft,Public matchmaking,9,44,4,42,64,71,15,84,76,37
2561608125,1,227,Random Draft,Ranked,98,18,14,75,34,94,74,41,103,40
2561608124,1,184,Ranked All Pick,Ranked,74,10,104,40,44,9,16,1,50,69
2561608122,-1,231,Ranked All Pick,Ranked,2,93,9,14,47,42,34,71,5,51
2561608121,-1,231,All Pick,Public matchmaking,96,104,73,98,71,14,44,110,41,87
2561608120,-1,132,All Pick,Public matchmaking,5,2,37,1,63,60,88,38,54,20
2561608119,-1,154,Ranked All Pick,Ranked,68,74,97,35,39,84,14,86,18,104
2561608118,1,231,All Pick,Public matchmaking,97,103,72,98,67,40,54,17,84,104
2561608117,-1,151,All Pick,Public matchmaking,15,49,6,5,30,18,112,93,20,87
2561608116,1,224,Single Draft,Public matchmaking,27,6,9,65,71,21,28,2,84,56
2561608115,1,224,All Pick,Public matchmaking,104,48,54,14,36,21,59,84,113,74
2561608111,-1,154,All Pick,Public matchmaking,84,41,16,99,18,93,5,31,34,21
2561608110,1,156,Ranked All Pick,Ranked,43,93,28,26,103,44,7,98,57,15
2561608109,1,151,All Pick,Public matchmaking,104,6,65,2,44,5,32,42,59,25
2561608108,1,188,All Pick,Public matchmaking,93,9,14,6,44,107,2,75,5,21
2561608107,-1,151,All Pick,Public matchmaking,72,5,53,73,6,82,18,106,32,44
2561608106,-1,182,All Pick,Public matchmaking,96,104,9,74,21,98,11,54,110,6
2561608105,1,151,All Pick,Public matchmaking,31,74,77,73,54,82,9,1,62,63
2561608104,-1,153,Ranked All Pick,Ranked,73,2,8,63,84,71,23,36,35,9
2561608101,1,224,All Pick,Public matchmaking,29,60,110,74,93,48,39,68,3,14
2561608100,-1,223,Random Draft,Ranked,74,32,84,99,110,8,87,41,39,18
2561608099,-1,154,All Pick,Public matchmaking,74,84,57,71,59,44,32,41,14,67
2561608097,1,184,All Pick,Public matchmaking,101,21,89,68,12,8,65,11,104,86
2561608096,-1,181,All Pick,Public matchmaking,4,22,50,61,102,20,6,44,35,19
2561608095,-1,224,All Pick,Public matchmaking,93,40,44,54,74,104,11,84,8,10
2561608094,1,171,Ranked All Pick,Ranked,14,35,104,67,71,1,9,27,43,85
2561608093,1,155,All Pick,Public matchmaking,44,35,4,32,16,104,99,70,21,13
2561608091,1,182,All Pick,Public matchmaking,10,85,54,18,56,81,12,93,32,47
